0 info it worked if it ends with ok
1 verbose cli [ 'D:\\Program Files\\nodejs\\node.exe',
1 verbose cli   'D:\\Program Files\\nodejs\\node_modules\\npm\\bin\\npm-cli.js',
1 verbose cli   'run',
1 verbose cli   'start' ]
2 info using npm@3.10.10
3 info using node@v6.10.2
4 verbose run-script [ 'prestart', 'start', 'poststart' ]
5 info lifecycle cjbigdata@0.0.1~prestart: cjbigdata@0.0.1
6 silly lifecycle cjbigdata@0.0.1~prestart: no script for prestart, continuing
7 info lifecycle cjbigdata@0.0.1~start: cjbigdata@0.0.1
8 verbose lifecycle cjbigdata@0.0.1~start: unsafe-perm in lifecycle true
9 verbose lifecycle cjbigdata@0.0.1~start: PATH: D:\Program Files\nodejs\node_modules\npm\bin\node-gyp-bin;F:\cj-bigdata\code\portal-app\trunk\node_modules\.bin;C:\Windows\system32;C:\Windows;C:\Windows\System32\Wbem;C:\Windows\System32\WindowsPowerShell\v1.0\;D:\Program Files\nodejs\;D:\Program Files\TortoiseSVN\bin;C:\Users\Administrator\AppData\Local\Microsoft\WindowsApps;C:\Users\Administrator\AppData\Roaming\npm;d:\Program Files (x86)\Microsoft VS Code\bin
10 verbose lifecycle cjbigdata@0.0.1~start: CWD: F:\cj-bigdata\code\portal-app\trunk
11 silly lifecycle cjbigdata@0.0.1~start: Args: [ '/d /s /c',
11 silly lifecycle   'concurrently  "node server & "  "imitator -p 8989 -f ./mock/mock.config.js &" ' ]
12 silly lifecycle cjbigdata@0.0.1~start: Returned: code: 3221225786  signal: null
13 info lifecycle cjbigdata@0.0.1~start: Failed to exec start script
14 verbose stack Error: cjbigdata@0.0.1 start: `concurrently  "node server & "  "imitator -p 8989 -f ./mock/mock.config.js &" `
14 verbose stack Exit status 3221225786
14 verbose stack     at EventEmitter.<anonymous> (D:\Program Files\nodejs\node_modules\npm\lib\utils\lifecycle.js:255:16)
14 verbose stack     at emitTwo (events.js:106:13)
14 verbose stack     at EventEmitter.emit (events.js:191:7)
14 verbose stack     at ChildProcess.<anonymous> (D:\Program Files\nodejs\node_modules\npm\lib\utils\spawn.js:40:14)
14 verbose stack     at emitTwo (events.js:106:13)
14 verbose stack     at ChildProcess.emit (events.js:191:7)
14 verbose stack     at maybeClose (internal/child_process.js:886:16)
14 verbose stack     at Process.ChildProcess._handle.onexit (internal/child_process.js:226:5)
15 verbose pkgid cjbigdata@0.0.1
16 verbose cwd F:\cj-bigdata\code\portal-app\trunk\portal
17 error Windows_NT 10.0.14393
18 error argv "D:\\Program Files\\nodejs\\node.exe" "D:\\Program Files\\nodejs\\node_modules\\npm\\bin\\npm-cli.js" "run" "start"
19 error node v6.10.2
20 error npm  v3.10.10
21 error code ELIFECYCLE
22 error cjbigdata@0.0.1 start: `concurrently  "node server & "  "imitator -p 8989 -f ./mock/mock.config.js &" `
22 error Exit status 3221225786
23 error Failed at the cjbigdata@0.0.1 start script 'concurrently  "node server & "  "imitator -p 8989 -f ./mock/mock.config.js &" '.
23 error Make sure you have the latest version of node.js and npm installed.
23 error If you do, this is most likely a problem with the cjbigdata package,
23 error not with npm itself.
23 error Tell the author that this fails on your system:
23 error     concurrently  "node server & "  "imitator -p 8989 -f ./mock/mock.config.js &"
23 error You can get information on how to open an issue for this project with:
23 error     npm bugs cjbigdata
23 error Or if that isn't available, you can get their info via:
23 error     npm owner ls cjbigdata
23 error There is likely additional logging output above.
24 verbose exit [ 1, true ]
